<?xml version="1.0" encoding="UTF-8"?>
<testsuite xmlns:xsi="http://www.w3.org/2001/XMLSchema-instance" xsi:noNamespaceSchemaLocation="https://maven.apache.org/surefire/maven-surefire-plugin/xsd/surefire-test-report-3.0.xsd" version="3.0" name="runners.TestRunner" time="31.673" tests="1" errors="0" skipped="0" failures="0">
  <properties>
[...]
</properties>
  <testcase name="Authorized user is able to get booking id&apos;s" classname="Automated E2E tests" time="28.98">
    <system-out><![CDATA[jsonString is {"token":"736c7c88c2e3cd5"}
Token is 736c7c88c2e3cd5
bookingid is 981
bookingfirstname is John
bookinglastname is Smith
bookingtotalprice is 111
bookingcheckindate is 2018-01-01
bookingcheckoutdate is 2019-01-01
bookingIdByname is 15
response is [{"bookingid":14},{"bookingid":10},{"bookingid":13},{"bookingid":15},{"bookingid":11},{"bookingid":17},{"bookingid":18},{"bookingid":20},{"bookingid":22},{"bookingid":12},{"bookingid":23},{"bookingid":21},{"bookingid":16},{"bookingid":6},{"bookingid":19}]
bookingIdByname is 14
response is {"bookingid":38,"booking":{"firstname":"Test","lastname":"Jim","totalprice":111,"depositpaid":true,"bookingdates":{"checkin":"2018-01-01","checkout":"2019-01-01"},"additionalneeds":"Breakfast"}}
bookingid is 38
CreatedFirstName is Test
CreatedLastName is Jim
response is {"firstname":"Test-Update","lastname":"Jim-Update","totalprice":999,"depositpaid":false,"bookingdates":{"checkin":"2018-02-01","checkout":"2019-10-01"},"additionalneeds":"Babybedje"}
UpdatedFirstName is Test-Update
UpdatedLastName is Jim-Update
Updateddepositpaid is false
Updatedcheckin is 2018-02-01
Updatedcheckout is 2019-10-01
Updatedadditionalneeds is Babybedje
response is {"firstname":"Test-PartialUpdate","lastname":"Jim-PartialUpdate","totalprice":999,"depositpaid":false,"bookingdates":{"checkin":"2018-02-01","checkout":"2019-10-01"},"additionalneeds":"Extra bed"}
id is 38
response is {"firstname":"Test-PartialUpdate","lastname":"Jim-PartialUpdate","totalprice":999,"depositpaid":false,"bookingdates":{"checkin":"2018-02-01","checkout":"2019-10-01"},"additionalneeds":"Extra bed"}
partialUpdatedFirstName is Test-PartialUpdate
partialUpdatedLastName is Jim-PartialUpdate
partialUpdatedadditionalneeds is Extra bed
]]></system-out>
  </testcase>
</testsuite>