<?xml version="1.0" encoding="UTF-8"?>
<testsuite xmlns:xsi="http://www.w3.org/2001/XMLSchema-instance" xsi:noNamespaceSchemaLocation="https://maven.apache.org/surefire/maven-surefire-plugin/xsd/surefire-test-report-3.0.xsd" version="3.0" name="runners.TestRunner" time="35.649" tests="3" errors="0" skipped="0" failures="0">
  <properties>
[...]
</properties>
  <testcase name="Authorized user is able to get booking id" classname="Automated E2E tests" time="26.281"/>
  <testcase name="Authorized user is able to create new booking and update the existing booking" classname="Automated E2E tests" time="4.537"/>
  <testcase name="Authorized user is able to delete the existing booking" classname="Automated E2E tests" time="2.823"/>
</testsuite>